<?xml version="1.0" encoding="UTF-8"?>
<!-- Generated by org.testng.reporters.JUnitReportReporter -->
<testsuite hostname="MacBook-Pro.local" failures="0" tests="1" name="Run.Login" time="4.356" errors="0" timestamp="2020-12-07T10:56:04 EST" skipped="0">
  <testcase classname="Run.Login" name="signup" time="4.356"/>
  <system-out/>
</testsuite> <!-- Run.Login -->
