<?xml version="1.0" encoding="UTF-8"?>
<!-- Generated by org.testng.reporters.JUnitReportReporter -->
<testsuite hostname="MacBook-Pro.local" failures="0" tests="1" name="Run.NewTestProperties" time="0.010" errors="0" timestamp="2020-12-01T21:29:46 EST" skipped="0">
  <testcase classname="Run.NewTestProperties" name="f" time="0.010"/>
  <system-out/>
</testsuite> <!-- Run.NewTestProperties -->
