<?xml version="1.0" encoding="UTF-8"?>
<!-- Generated by org.testng.reporters.JUnitReportReporter -->
<testsuite hostname="MacBook-Pro.local" failures="0" tests="3" name="Run.Login" time="12.282" errors="0" timestamp="2020-11-27T22:34:28 EST" skipped="0">
  <testcase classname="Run.Login" name="signup" time="4.338"/>
  <system-out/>
  <testcase classname="Run.Login" name="login" time="3.156"/>
  <system-out/>
  <testcase classname="Run.Login" name="signup2" time="4.788"/>
  <system-out/>
</testsuite> <!-- Run.Login -->
