<?xml version="1.0" encoding="UTF-8"?>
<!-- Generated by org.testng.reporters.JUnitReportReporter -->
<testsuite hostname="MacBook-Pro.local" failures="0" tests="2" name="Run.GroupTest" time="0.010" errors="0" timestamp="2020-11-25T21:57:07 EST" skipped="0">
  <testcase classname="Run.GroupTest" name="f" time="0.009"/>
  <system-out/>
  <testcase classname="Run.GroupTest" name="f9" time="0.001"/>
  <system-out/>
</testsuite> <!-- Run.GroupTest -->
